<?xml version="1.0" encoding="UTF-8"?>
<!-- Generated by org.testng.reporters.JUnitXMLReporter -->
<testsuite ignored="0" hostname="DESKTOP-KDTLMRK" failures="0" tests="4" name="Default test" time="108.733" errors="0" timestamp="2023-12-26T22:55:05 BDT">
  <testcase classname="Task_Nitex.Login_script.Positive_Login_Test" name="VerifyWithInValidEmail" time="0.389"/>
  <testcase classname="Task_Nitex.Login_script.Positive_Login_Test" name="VerifyWithInvalidPassword" time="0.65"/>
  <testcase classname="Task_Nitex.Login_script.Positive_Login_Test" name="VerifyWithValidCred" time="6.556"/>
  <testcase classname="Task_Nitex.Login_script.Positive_Login_Test" name="VerifyWithDriverBackButton" time="0.658"/>
</testsuite> <!-- Default test -->
