<?xml version="1.0" encoding="UTF-8"?>
<!-- Generated by org.testng.reporters.JUnitXMLReporter -->
<testsuite ignored="0" hostname="DESKTOP-KDTLMRK" failures="0" tests="4" name="Default test" time="101.693" errors="0" timestamp="2023-12-26T23:21:50 BDT">
  <testcase classname="login_script.Positive_Login_Test" name="VerifyWithInValidEmail" time="0.211"/>
  <testcase classname="login_script.Positive_Login_Test" name="VerifyWithInvalidPassword" time="0.826"/>
  <testcase classname="login_script.Positive_Login_Test" name="VerifyWithValidCred" time="6.282"/>
  <testcase classname="login_script.Positive_Login_Test" name="VerifyWithDriverBackButton" time="0.71"/>
</testsuite> <!-- Default test -->
