<?xml version="1.0" encoding="UTF-8"?>
<testng-results ignored="0" total="4" passed="4" failed="0" skipped="0">
  <reporter-output>
  </reporter-output>
  <suite started-at="2023-12-26T23:20:08 BDT" name="Default suite" finished-at="2023-12-26T23:21:50 BDT" duration-ms="101693">
    <groups>
    </groups>
    <test started-at="2023-12-26T23:20:08 BDT" name="Default test" finished-at="2023-12-26T23:21:50 BDT" duration-ms="101693">
      <class name="login_script.Positive_Login_Test">
        <test-method is-config="true" signature="setUpDriverLink()[pri:0, instance:login_script.Positive_Login_Test@245b4bdc]" started-at="2023-12-26T23:20:08 BDT" name="setUpDriverLink" finished-at="2023-12-26T23:20:41 BDT" duration-ms="32690" status="PASS">
          <reporter-output>
          </reporter-output>
        </test-method> <!-- setUpDriverLink -->
        <test-method signature="VerifyWithInValidEmail()[pri:1, instance:login_script.Positive_Login_Test@245b4bdc]" started-at="2023-12-26T23:20:41 BDT" name="VerifyWithInValidEmail" finished-at="2023-12-26T23:20:41 BDT" duration-ms="211" status="PASS">
          <reporter-output>
          </reporter-output>
        </test-method> <!-- VerifyWithInValidEmail -->
        <test-method is-config="true" signature="driverClose()[pri:0, instance:login_script.Positive_Login_Test@245b4bdc]" started-at="2023-12-26T23:20:41 BDT" name="driverClose" finished-at="2023-12-26T23:20:41 BDT" duration-ms="224" status="PASS">
          <reporter-output>
          </reporter-output>
        </test-method> <!-- driverClose -->
        <test-method is-config="true" signature="setUpDriverLink()[pri:0, instance:login_script.Positive_Login_Test@245b4bdc]" started-at="2023-12-26T23:20:41 BDT" name="setUpDriverLink" finished-at="2023-12-26T23:21:02 BDT" duration-ms="21075" status="PASS">
          <reporter-output>
          </reporter-output>
        </test-method> <!-- setUpDriverLink -->
        <test-method signature="VerifyWithInvalidPassword()[pri:2, instance:login_script.Positive_Login_Test@245b4bdc]" started-at="2023-12-26T23:21:02 BDT" name="VerifyWithInvalidPassword" finished-at="2023-12-26T23:21:03 BDT" duration-ms="826" status="PASS">
          <reporter-output>
          </reporter-output>
        </test-method> <!-- VerifyWithInvalidPassword -->
        <test-method is-config="true" signature="driverClose()[pri:0, instance:login_script.Positive_Login_Test@245b4bdc]" started-at="2023-12-26T23:21:03 BDT" name="driverClose" finished-at="2023-12-26T23:21:03 BDT" duration-ms="165" status="PASS">
          <reporter-output>
          </reporter-output>
        </test-method> <!-- driverClose -->
        <test-method is-config="true" signature="setUpDriverLink()[pri:0, instance:login_script.Positive_Login_Test@245b4bdc]" started-at="2023-12-26T23:21:03 BDT" name="setUpDriverLink" finished-at="2023-12-26T23:21:20 BDT" duration-ms="16119" status="PASS">
          <reporter-output>
          </reporter-output>
        </test-method> <!-- setUpDriverLink -->
        <test-method signature="VerifyWithValidCred()[pri:3, instance:login_script.Positive_Login_Test@245b4bdc]" started-at="2023-12-26T23:21:20 BDT" name="VerifyWithValidCred" finished-at="2023-12-26T23:21:26 BDT" duration-ms="6282" status="PASS">
          <reporter-output>
          </reporter-output>
        </test-method> <!-- VerifyWithValidCred -->
        <test-method is-config="true" signature="driverClose()[pri:0, instance:login_script.Positive_Login_Test@245b4bdc]" started-at="2023-12-26T23:21:26 BDT" name="driverClose" finished-at="2023-12-26T23:21:26 BDT" duration-ms="208" status="PASS">
          <reporter-output>
          </reporter-output>
        </test-method> <!-- driverClose -->
        <test-method is-config="true" signature="setUpDriverLink()[pri:0, instance:login_script.Positive_Login_Test@245b4bdc]" started-at="2023-12-26T23:21:26 BDT" name="setUpDriverLink" finished-at="2023-12-26T23:21:49 BDT" duration-ms="22982" status="PASS">
          <reporter-output>
          </reporter-output>
        </test-method> <!-- setUpDriverLink -->
        <test-method signature="VerifyWithDriverBackButton()[pri:4, instance:login_script.Positive_Login_Test@245b4bdc]" started-at="2023-12-26T23:21:49 BDT" name="VerifyWithDriverBackButton" finished-at="2023-12-26T23:21:50 BDT" duration-ms="710" status="PASS">
          <reporter-output>
          </reporter-output>
        </test-method> <!-- VerifyWithDriverBackButton -->
        <test-method is-config="true" signature="driverClose()[pri:0, instance:login_script.Positive_Login_Test@245b4bdc]" started-at="2023-12-26T23:21:50 BDT" name="driverClose" finished-at="2023-12-26T23:21:50 BDT" duration-ms="163" status="PASS">
          <reporter-output>
          </reporter-output>
        </test-method> <!-- driverClose -->
      </class> <!-- login_script.Positive_Login_Test -->
    </test> <!-- Default test -->
  </suite> <!-- Default suite -->
</testng-results>
